mode: set
github.com/kwk-super-snippets/gus/errors.go:15.48,17.2 1 0
github.com/kwk-super-snippets/gus/errors.go:23.50,25.2 1 0
github.com/kwk-super-snippets/gus/errors.go:30.40,32.2 1 0
github.com/kwk-super-snippets/gus/errors.go:34.43,36.2 1 1
github.com/kwk-super-snippets/gus/errors.go:42.42,44.2 1 0
github.com/kwk-super-snippets/gus/log.go:13.31,14.24 1 1
github.com/kwk-super-snippets/gus/log.go:17.2,17.46 1 1
github.com/kwk-super-snippets/gus/log.go:14.24,16.3 1 0
github.com/kwk-super-snippets/gus/log.go:20.24,21.24 1 0
github.com/kwk-super-snippets/gus/log.go:24.2,25.46 2 0
github.com/kwk-super-snippets/gus/log.go:21.24,23.3 1 0
github.com/kwk-super-snippets/gus/suspend.go:9.56,11.2 1 1
github.com/kwk-super-snippets/gus/suspend.go:18.46,20.16 2 1
github.com/kwk-super-snippets/gus/suspend.go:23.2,24.62 2 1
github.com/kwk-super-snippets/gus/suspend.go:20.16,22.3 1 0
github.com/kwk-super-snippets/gus/suspend.go:27.46,29.16 2 1
github.com/kwk-super-snippets/gus/suspend.go:32.2,32.62 1 1
github.com/kwk-super-snippets/gus/suspend.go:29.16,31.3 1 0
github.com/kwk-super-snippets/gus/suspend.go:35.45,37.16 2 1
github.com/kwk-super-snippets/gus/suspend.go:40.2,40.62 1 1
github.com/kwk-super-snippets/gus/suspend.go:37.16,39.3 1 0
github.com/kwk-super-snippets/gus/suspend.go:43.47,45.16 2 1
github.com/kwk-super-snippets/gus/suspend.go:48.2,48.62 1 1
github.com/kwk-super-snippets/gus/suspend.go:45.16,47.3 1 0
github.com/kwk-super-snippets/gus/users.go:75.48,76.31 1 1
github.com/kwk-super-snippets/gus/users.go:79.2,79.24 1 1
github.com/kwk-super-snippets/gus/users.go:82.2,82.28 1 1
github.com/kwk-super-snippets/gus/users.go:85.2,85.32 1 1
github.com/kwk-super-snippets/gus/users.go:89.2,93.3 1 1
github.com/kwk-super-snippets/gus/users.go:76.31,78.3 1 0
github.com/kwk-super-snippets/gus/users.go:79.24,81.3 1 1
github.com/kwk-super-snippets/gus/users.go:82.28,84.3 1 1
github.com/kwk-super-snippets/gus/users.go:85.32,88.3 2 1
github.com/kwk-super-snippets/gus/users.go:102.52,104.16 2 1
github.com/kwk-super-snippets/gus/users.go:107.2,107.26 1 1
github.com/kwk-super-snippets/gus/users.go:104.16,106.3 1 0
github.com/kwk-super-snippets/gus/users.go:123.42,124.31 1 0
github.com/kwk-super-snippets/gus/users.go:127.2,127.36 1 0
github.com/kwk-super-snippets/gus/users.go:130.2,130.12 1 0
github.com/kwk-super-snippets/gus/users.go:124.31,126.3 1 0
github.com/kwk-super-snippets/gus/users.go:127.36,129.3 1 0
github.com/kwk-super-snippets/gus/users.go:139.55,141.16 2 0
github.com/kwk-super-snippets/gus/users.go:144.2,144.25 1 0
github.com/kwk-super-snippets/gus/users.go:141.16,143.3 1 0
github.com/kwk-super-snippets/gus/users.go:147.67,149.16 2 1
github.com/kwk-super-snippets/gus/users.go:153.2,155.16 3 1
github.com/kwk-super-snippets/gus/users.go:162.2,162.56 1 1
github.com/kwk-super-snippets/gus/users.go:165.2,165.62 1 0
github.com/kwk-super-snippets/gus/users.go:168.2,168.19 1 0
github.com/kwk-super-snippets/gus/users.go:149.16,151.3 1 0
github.com/kwk-super-snippets/gus/users.go:155.16,156.27 1 1
github.com/kwk-super-snippets/gus/users.go:159.3,159.19 1 0
github.com/kwk-super-snippets/gus/users.go:156.27,158.4 1 1
github.com/kwk-super-snippets/gus/users.go:162.56,164.3 1 1
github.com/kwk-super-snippets/gus/users.go:165.62,167.3 1 0
github.com/kwk-super-snippets/gus/users.go:172.64,174.16 2 1
github.com/kwk-super-snippets/gus/users.go:177.2,178.12 2 1
github.com/kwk-super-snippets/gus/users.go:181.2,191.16 2 1
github.com/kwk-super-snippets/gus/users.go:194.2,194.54 1 1
github.com/kwk-super-snippets/gus/users.go:197.2,202.22 3 1
github.com/kwk-super-snippets/gus/users.go:207.2,208.16 2 1
github.com/kwk-super-snippets/gus/users.go:212.2,217.16 2 1
github.com/kwk-super-snippets/gus/users.go:221.2,222.16 2 1
github.com/kwk-super-snippets/gus/users.go:226.2,228.19 3 1
github.com/kwk-super-snippets/gus/users.go:231.2,231.27 1 1
github.com/kwk-super-snippets/gus/users.go:174.16,176.3 1 0
github.com/kwk-super-snippets/gus/users.go:178.12,180.3 1 1
github.com/kwk-super-snippets/gus/users.go:191.16,193.3 1 0
github.com/kwk-super-snippets/gus/users.go:194.54,196.3 1 1
github.com/kwk-super-snippets/gus/users.go:202.22,204.3 1 1
github.com/kwk-super-snippets/gus/users.go:204.3,206.3 1 1
github.com/kwk-super-snippets/gus/users.go:208.16,211.3 2 0
github.com/kwk-super-snippets/gus/users.go:217.16,220.3 2 0
github.com/kwk-super-snippets/gus/users.go:222.16,225.3 2 0
github.com/kwk-super-snippets/gus/users.go:228.19,230.3 1 1
github.com/kwk-super-snippets/gus/users.go:234.47,236.16 2 1
github.com/kwk-super-snippets/gus/users.go:239.2,239.36 1 1
github.com/kwk-super-snippets/gus/users.go:236.16,238.3 1 0
github.com/kwk-super-snippets/gus/users.go:243.82,245.16 2 1
github.com/kwk-super-snippets/gus/users.go:248.2,255.16 7 1
github.com/kwk-super-snippets/gus/users.go:258.2,260.29 3 1
github.com/kwk-super-snippets/gus/users.go:245.16,247.3 1 0
github.com/kwk-super-snippets/gus/users.go:255.16,257.3 1 0
github.com/kwk-super-snippets/gus/users.go:270.42,271.31 1 0
github.com/kwk-super-snippets/gus/users.go:274.2,274.37 1 0
github.com/kwk-super-snippets/gus/users.go:277.2,277.74 1 0
github.com/kwk-super-snippets/gus/users.go:280.2,280.12 1 0
github.com/kwk-super-snippets/gus/users.go:271.31,273.3 1 0
github.com/kwk-super-snippets/gus/users.go:274.37,276.3 1 0
github.com/kwk-super-snippets/gus/users.go:277.74,279.3 1 0
github.com/kwk-super-snippets/gus/users.go:283.66,284.19 1 1
github.com/kwk-super-snippets/gus/users.go:292.2,292.29 1 1
github.com/kwk-super-snippets/gus/users.go:295.2,296.16 2 1
github.com/kwk-super-snippets/gus/users.go:303.2,304.35 2 1
github.com/kwk-super-snippets/gus/users.go:308.2,309.16 2 1
github.com/kwk-super-snippets/gus/users.go:313.2,313.15 1 1
github.com/kwk-super-snippets/gus/users.go:284.19,285.26 1 1
github.com/kwk-super-snippets/gus/users.go:288.3,288.23 1 1
github.com/kwk-super-snippets/gus/users.go:285.26,287.4 1 1
github.com/kwk-super-snippets/gus/users.go:288.23,290.4 1 0
github.com/kwk-super-snippets/gus/users.go:292.29,294.3 1 1
github.com/kwk-super-snippets/gus/users.go:296.16,298.9 2 0
github.com/kwk-super-snippets/gus/users.go:301.3,301.18 1 0
github.com/kwk-super-snippets/gus/users.go:298.9,300.4 1 0
github.com/kwk-super-snippets/gus/users.go:304.35,307.3 2 1
github.com/kwk-super-snippets/gus/users.go:309.16,312.3 2 0
github.com/kwk-super-snippets/gus/users.go:322.49,324.16 2 1
github.com/kwk-super-snippets/gus/users.go:328.2,329.16 2 1
github.com/kwk-super-snippets/gus/users.go:335.2,339.16 5 1
github.com/kwk-super-snippets/gus/users.go:344.2,345.32 2 1
github.com/kwk-super-snippets/gus/users.go:324.16,327.3 2 0
github.com/kwk-super-snippets/gus/users.go:329.16,333.3 2 0
github.com/kwk-super-snippets/gus/users.go:339.16,343.3 2 0
github.com/kwk-super-snippets/gus/users.go:357.46,358.31 1 0
github.com/kwk-super-snippets/gus/users.go:361.2,361.56 1 0
github.com/kwk-super-snippets/gus/users.go:364.2,364.12 1 0
github.com/kwk-super-snippets/gus/users.go:358.31,360.3 1 0
github.com/kwk-super-snippets/gus/users.go:361.56,363.3 1 0
github.com/kwk-super-snippets/gus/users.go:367.51,369.16 2 1
github.com/kwk-super-snippets/gus/users.go:372.2,374.16 3 1
github.com/kwk-super-snippets/gus/users.go:377.2,378.68 2 1
github.com/kwk-super-snippets/gus/users.go:381.2,381.12 1 1
github.com/kwk-super-snippets/gus/users.go:369.16,371.3 1 1
github.com/kwk-super-snippets/gus/users.go:374.16,376.3 1 0
github.com/kwk-super-snippets/gus/users.go:378.68,380.3 1 1
github.com/kwk-super-snippets/gus/users.go:390.46,391.31 1 0
github.com/kwk-super-snippets/gus/users.go:394.2,394.20 1 0
github.com/kwk-super-snippets/gus/users.go:397.2,397.12 1 0
github.com/kwk-super-snippets/gus/users.go:391.31,393.3 1 0
github.com/kwk-super-snippets/gus/users.go:394.20,396.3 1 0
github.com/kwk-super-snippets/gus/users.go:400.55,402.16 2 1
github.com/kwk-super-snippets/gus/users.go:405.2,406.16 2 1
github.com/kwk-super-snippets/gus/users.go:409.2,409.19 1 1
github.com/kwk-super-snippets/gus/users.go:414.2,414.72 1 1
github.com/kwk-super-snippets/gus/users.go:402.16,404.3 1 0
github.com/kwk-super-snippets/gus/users.go:406.16,408.3 1 0
github.com/kwk-super-snippets/gus/users.go:409.19,411.3 1 1
github.com/kwk-super-snippets/gus/users.go:411.3,413.3 1 1
github.com/kwk-super-snippets/gus/users.go:417.41,419.16 2 1
github.com/kwk-super-snippets/gus/users.go:422.2,422.62 1 1
github.com/kwk-super-snippets/gus/users.go:419.16,421.3 1 0
github.com/kwk-super-snippets/gus/users.go:431.45,432.31 1 0
github.com/kwk-super-snippets/gus/users.go:435.2,435.12 1 0
github.com/kwk-super-snippets/gus/users.go:432.31,434.3 1 0
github.com/kwk-super-snippets/gus/users.go:438.59,441.16 3 1
github.com/kwk-super-snippets/gus/users.go:444.2,444.17 1 1
github.com/kwk-super-snippets/gus/users.go:448.2,449.16 2 1
github.com/kwk-super-snippets/gus/users.go:452.2,453.18 2 1
github.com/kwk-super-snippets/gus/users.go:460.2,460.34 1 1
github.com/kwk-super-snippets/gus/users.go:463.2,463.19 1 1
github.com/kwk-super-snippets/gus/users.go:441.16,443.3 1 1
github.com/kwk-super-snippets/gus/users.go:444.17,447.3 2 1
github.com/kwk-super-snippets/gus/users.go:449.16,451.3 1 0
github.com/kwk-super-snippets/gus/users.go:453.18,459.3 5 1
github.com/kwk-super-snippets/gus/users.go:460.34,462.3 1 0
github.com/kwk-super-snippets/gus/users.go:471.49,472.31 1 0
github.com/kwk-super-snippets/gus/users.go:475.2,475.34 1 0
github.com/kwk-super-snippets/gus/users.go:478.2,478.36 1 0
github.com/kwk-super-snippets/gus/users.go:481.2,481.12 1 0
github.com/kwk-super-snippets/gus/users.go:472.31,474.3 1 0
github.com/kwk-super-snippets/gus/users.go:475.34,477.3 1 0
github.com/kwk-super-snippets/gus/users.go:478.36,480.3 1 0
github.com/kwk-super-snippets/gus/users.go:484.71,486.16 2 0
github.com/kwk-super-snippets/gus/users.go:489.2,492.16 4 0
github.com/kwk-super-snippets/gus/users.go:495.2,495.19 1 0
github.com/kwk-super-snippets/gus/users.go:486.16,488.3 1 0
github.com/kwk-super-snippets/gus/users.go:492.16,494.3 1 0
github.com/kwk-super-snippets/gus/users.go:506.50,507.31 1 0
github.com/kwk-super-snippets/gus/users.go:510.2,510.34 1 0
github.com/kwk-super-snippets/gus/users.go:513.2,513.36 1 0
github.com/kwk-super-snippets/gus/users.go:516.2,516.82 1 0
github.com/kwk-super-snippets/gus/users.go:519.2,519.40 1 0
github.com/kwk-super-snippets/gus/users.go:522.2,522.39 1 0
github.com/kwk-super-snippets/gus/users.go:525.2,525.12 1 0
github.com/kwk-super-snippets/gus/users.go:507.31,509.3 1 0
github.com/kwk-super-snippets/gus/users.go:510.34,512.3 1 0
github.com/kwk-super-snippets/gus/users.go:513.36,515.3 1 0
github.com/kwk-super-snippets/gus/users.go:516.82,518.3 1 0
github.com/kwk-super-snippets/gus/users.go:519.40,521.3 1 0
github.com/kwk-super-snippets/gus/users.go:522.39,524.3 1 0
github.com/kwk-super-snippets/gus/users.go:528.63,529.30 1 0
github.com/kwk-super-snippets/gus/users.go:535.2,535.24 1 0
github.com/kwk-super-snippets/gus/users.go:549.2,550.16 2 0
github.com/kwk-super-snippets/gus/users.go:553.2,555.16 3 0
github.com/kwk-super-snippets/gus/users.go:558.2,559.12 2 0
github.com/kwk-super-snippets/gus/users.go:529.30,531.17 2 0
github.com/kwk-super-snippets/gus/users.go:531.17,533.4 1 0
github.com/kwk-super-snippets/gus/users.go:535.24,542.17 5 0
github.com/kwk-super-snippets/gus/users.go:545.3,545.33 1 0
github.com/kwk-super-snippets/gus/users.go:542.17,544.4 1 0
github.com/kwk-super-snippets/gus/users.go:545.33,547.4 1 0
github.com/kwk-super-snippets/gus/users.go:550.16,552.3 1 0
github.com/kwk-super-snippets/gus/users.go:555.16,557.3 1 0
github.com/kwk-super-snippets/gus/users.go:562.44,569.2 5 1
github.com/kwk-super-snippets/gus/users.go:571.49,572.14 1 1
github.com/kwk-super-snippets/gus/users.go:578.2,578.15 1 1
github.com/kwk-super-snippets/gus/users.go:572.14,573.25 1 1
github.com/kwk-super-snippets/gus/users.go:576.3,576.16 1 0
github.com/kwk-super-snippets/gus/users.go:573.25,575.4 1 1
github.com/kwk-super-snippets/gus/crypto.go:23.42,25.28 2 0
github.com/kwk-super-snippets/gus/crypto.go:31.2,31.18 1 0
github.com/kwk-super-snippets/gus/crypto.go:25.28,26.71 1 0
github.com/kwk-super-snippets/gus/crypto.go:26.71,29.4 2 0
github.com/kwk-super-snippets/gus/crypto.go:36.49,38.66 2 1
github.com/kwk-super-snippets/gus/crypto.go:49.2,49.18 1 1
github.com/kwk-super-snippets/gus/crypto.go:38.66,39.18 1 1
github.com/kwk-super-snippets/gus/crypto.go:42.3,42.64 1 1
github.com/kwk-super-snippets/gus/crypto.go:46.3,47.11 2 1
github.com/kwk-super-snippets/gus/crypto.go:39.18,41.4 1 1
github.com/kwk-super-snippets/gus/crypto.go:42.64,45.4 2 1
github.com/kwk-super-snippets/gus/db.go:18.38,21.2 2 1
github.com/kwk-super-snippets/gus/db.go:41.39,42.24 1 1
github.com/kwk-super-snippets/gus/db.go:45.2,47.16 3 1
github.com/kwk-super-snippets/gus/db.go:50.2,50.12 1 1
github.com/kwk-super-snippets/gus/db.go:56.2,56.16 1 1
github.com/kwk-super-snippets/gus/db.go:42.24,44.3 1 0
github.com/kwk-super-snippets/gus/db.go:47.16,49.3 1 0
github.com/kwk-super-snippets/gus/db.go:50.12,52.17 2 1
github.com/kwk-super-snippets/gus/db.go:52.17,54.4 1 0
github.com/kwk-super-snippets/gus/db.go:60.52,62.16 2 1
github.com/kwk-super-snippets/gus/db.go:65.2,65.12 1 1
github.com/kwk-super-snippets/gus/db.go:62.16,64.3 1 0
github.com/kwk-super-snippets/gus/db.go:68.37,69.16 1 1
github.com/kwk-super-snippets/gus/db.go:75.2,75.12 1 1
github.com/kwk-super-snippets/gus/db.go:69.16,70.27 1 1
github.com/kwk-super-snippets/gus/db.go:73.3,73.13 1 0
github.com/kwk-super-snippets/gus/db.go:70.27,72.4 1 1
github.com/kwk-super-snippets/gus/db.go:78.52,79.16 1 1
github.com/kwk-super-snippets/gus/db.go:82.2,83.11 2 1
github.com/kwk-super-snippets/gus/db.go:86.2,86.12 1 1
github.com/kwk-super-snippets/gus/db.go:79.16,81.3 1 1
github.com/kwk-super-snippets/gus/db.go:83.11,85.3 1 0
github.com/kwk-super-snippets/gus/db.go:99.36,100.16 1 1
github.com/kwk-super-snippets/gus/db.go:103.2,103.16 1 1
github.com/kwk-super-snippets/gus/db.go:106.2,106.21 1 1
github.com/kwk-super-snippets/gus/db.go:109.2,109.31 1 1
github.com/kwk-super-snippets/gus/db.go:100.16,102.3 1 1
github.com/kwk-super-snippets/gus/db.go:103.16,105.3 1 0
github.com/kwk-super-snippets/gus/db.go:106.21,108.3 1 1
github.com/kwk-super-snippets/gus/db.go:109.31,111.3 1 1
github.com/kwk-super-snippets/gus/db.go:117.68,119.16 2 1
github.com/kwk-super-snippets/gus/db.go:122.2,123.12 2 1
github.com/kwk-super-snippets/gus/db.go:119.16,121.3 1 0
github.com/kwk-super-snippets/gus/db.go:128.93,130.86 2 1
github.com/kwk-super-snippets/gus/db.go:133.2,137.16 5 1
github.com/kwk-super-snippets/gus/db.go:143.2,145.16 3 1
github.com/kwk-super-snippets/gus/db.go:148.2,148.18 1 1
github.com/kwk-super-snippets/gus/db.go:130.86,132.3 1 0
github.com/kwk-super-snippets/gus/db.go:137.16,138.47 1 0
github.com/kwk-super-snippets/gus/db.go:141.3,141.18 1 0
github.com/kwk-super-snippets/gus/db.go:138.47,140.4 1 0
github.com/kwk-super-snippets/gus/db.go:145.16,147.3 1 0
github.com/kwk-super-snippets/gus/orgs.go:15.32,17.2 1 1
github.com/kwk-super-snippets/gus/orgs.go:39.44,40.31 1 0
github.com/kwk-super-snippets/gus/orgs.go:43.2,43.33 1 0
github.com/kwk-super-snippets/gus/orgs.go:46.2,46.12 1 0
github.com/kwk-super-snippets/gus/orgs.go:40.31,42.3 1 0
github.com/kwk-super-snippets/gus/orgs.go:43.33,45.3 1 0
github.com/kwk-super-snippets/gus/orgs.go:49.57,51.16 2 1
github.com/kwk-super-snippets/gus/orgs.go:54.2,56.16 3 1
github.com/kwk-super-snippets/gus/orgs.go:59.2,60.16 2 1
github.com/kwk-super-snippets/gus/orgs.go:63.2,64.15 2 1
github.com/kwk-super-snippets/gus/orgs.go:51.16,53.3 1 0
github.com/kwk-super-snippets/gus/orgs.go:56.16,58.3 1 0
github.com/kwk-super-snippets/gus/orgs.go:60.16,62.3 1 0
github.com/kwk-super-snippets/gus/orgs.go:67.45,69.16 2 1
github.com/kwk-super-snippets/gus/orgs.go:72.2,76.16 5 1
github.com/kwk-super-snippets/gus/orgs.go:79.2,80.16 2 1
github.com/kwk-super-snippets/gus/orgs.go:69.16,71.3 1 0
github.com/kwk-super-snippets/gus/orgs.go:76.16,78.3 1 1
github.com/kwk-super-snippets/gus/orgs.go:89.45,90.31 1 0
github.com/kwk-super-snippets/gus/orgs.go:93.2,93.34 1 0
github.com/kwk-super-snippets/gus/orgs.go:96.2,96.12 1 0
github.com/kwk-super-snippets/gus/orgs.go:90.31,92.3 1 0
github.com/kwk-super-snippets/gus/orgs.go:93.34,95.3 1 0
github.com/kwk-super-snippets/gus/orgs.go:99.49,101.16 2 1
github.com/kwk-super-snippets/gus/orgs.go:104.2,106.16 3 1
github.com/kwk-super-snippets/gus/orgs.go:109.2,110.16 2 1
github.com/kwk-super-snippets/gus/orgs.go:113.2,113.12 1 1
github.com/kwk-super-snippets/gus/orgs.go:101.16,103.3 1 1
github.com/kwk-super-snippets/gus/orgs.go:106.16,108.3 1 0
github.com/kwk-super-snippets/gus/orgs.go:110.16,112.3 1 0
github.com/kwk-super-snippets/gus/orgs.go:121.44,122.31 1 0
github.com/kwk-super-snippets/gus/orgs.go:125.2,125.12 1 0
github.com/kwk-super-snippets/gus/orgs.go:122.31,124.3 1 0
github.com/kwk-super-snippets/gus/orgs.go:128.56,130.16 2 1
github.com/kwk-super-snippets/gus/orgs.go:133.2,134.16 2 1
github.com/kwk-super-snippets/gus/orgs.go:137.2,138.18 2 1
github.com/kwk-super-snippets/gus/orgs.go:145.2,145.34 1 1
github.com/kwk-super-snippets/gus/orgs.go:148.2,148.17 1 1
github.com/kwk-super-snippets/gus/orgs.go:130.16,132.3 1 1
github.com/kwk-super-snippets/gus/orgs.go:134.16,136.3 1 0
github.com/kwk-super-snippets/gus/orgs.go:138.18,144.3 5 1
github.com/kwk-super-snippets/gus/orgs.go:145.34,147.3 1 0
github.com/kwk-super-snippets/gus/validation.go:22.43,24.2 1 0
github.com/kwk-super-snippets/gus/validation.go:26.56,27.24 1 0
github.com/kwk-super-snippets/gus/validation.go:32.2,32.13 1 0
github.com/kwk-super-snippets/gus/validation.go:27.24,28.54 1 0
github.com/kwk-super-snippets/gus/validation.go:28.54,30.4 1 0
github.com/kwk-super-snippets/gus/validation.go:35.39,37.2 1 0
